<?xml version="1.0" encoding="UTF-8"?>
<testsuite name="HelloWorldTest" tests="4" skipped="0" failures="0" errors="0" timestamp="2017-05-05T00:59:57" hostname="Awad-Awad-MacBook-Pro" time="0.011">
  <properties/>
  <testcase name="helloSampleName" classname="HelloWorldTest" time="0.01"/>
  <testcase name="helloBlankName" classname="HelloWorldTest" time="0.0"/>
  <testcase name="helloNoName" classname="HelloWorldTest" time="0.0"/>
  <testcase name="helloAnotherSampleName" classname="HelloWorldTest" time="0.0"/>
  <system-out><![CDATA[]]></system-out>
  <system-err><![CDATA[]]></system-err>
</testsuite>
